<?xml version="1.0" encoding="UTF-8"?>
<coverage generated="1745502036078" clover="3.2.0">
  <project timestamp="1745502036078" name="All files">
    <metrics statements="128" coveredstatements="128" conditionals="4" coveredconditionals="3" methods="4" coveredmethods="2" elements="136" coveredelements="133" complexity="0" loc="128" ncloc="128" packages="4" files="5" classes="5"/>
    <package name="shared.assets">
      <metrics statements="10" coveredstatements="10" conditionals="1" coveredconditionals="1" methods="0" coveredmethods="0"/>
      <file name="routes.ts" path="/Users/aleksandr/Documents/Udemy/portfolio/frontend/src/shared/assets/routes.ts">
        <metrics statements="10" coveredstatements="10" conditionals="1" coveredconditionals="1" methods="0" coveredmethods="0"/>
        <line num="1" count="1" type="cond" truecount="1" falsecount="0"/>
        <line num="2" count="1" type="stmt"/>
        <line num="3" count="1" type="stmt"/>
        <line num="4" count="1" type="stmt"/>
        <line num="5" count="1" type="stmt"/>
        <line num="6" count="1" type="stmt"/>
        <line num="7" count="1" type="stmt"/>
        <line num="8" count="1" type="stmt"/>
        <line num="9" count="1" type="stmt"/>
        <line num="10" count="1" type="stmt"/>
      </file>
    </package>
    <package name="shared.ui.custom-button">
      <metrics statements="36" coveredstatements="36" conditionals="2" coveredconditionals="1" methods="2" coveredmethods="1"/>
      <file name="custom-button.tsx" path="/Users/aleksandr/Documents/Udemy/portfolio/frontend/src/shared/ui/custom-button/custom-button.tsx">
        <metrics statements="36" coveredstatements="36" conditionals="2" coveredconditionals="1" methods="2" coveredmethods="1"/>
        <line num="1" count="1" type="stmt"/>
        <line num="2" count="1" type="stmt"/>
        <line num="3" count="1" type="stmt"/>
        <line num="4" count="1" type="stmt"/>
        <line num="5" count="1" type="stmt"/>
        <line num="6" count="1" type="stmt"/>
        <line num="7" count="1" type="stmt"/>
        <line num="8" count="1" type="stmt"/>
        <line num="9" count="1" type="stmt"/>
        <line num="10" count="1" type="stmt"/>
        <line num="11" count="1" type="stmt"/>
        <line num="12" count="1" type="stmt"/>
        <line num="13" count="1" type="stmt"/>
        <line num="14" count="1" type="stmt"/>
        <line num="15" count="1" type="stmt"/>
        <line num="16" count="1" type="stmt"/>
        <line num="17" count="1" type="cond" truecount="1" falsecount="0"/>
        <line num="18" count="49" type="stmt"/>
        <line num="19" count="49" type="stmt"/>
        <line num="20" count="49" type="stmt"/>
        <line num="21" count="49" type="stmt"/>
        <line num="22" count="49" type="stmt"/>
        <line num="23" count="49" type="stmt"/>
        <line num="24" count="49" type="stmt"/>
        <line num="25" count="49" type="cond" truecount="0" falsecount="1"/>
        <line num="26" count="49" type="stmt"/>
        <line num="27" count="49" type="stmt"/>
        <line num="28" count="49" type="stmt"/>
        <line num="29" count="49" type="stmt"/>
        <line num="30" count="49" type="stmt"/>
        <line num="31" count="49" type="stmt"/>
        <line num="32" count="49" type="stmt"/>
        <line num="33" count="49" type="stmt"/>
        <line num="34" count="49" type="stmt"/>
        <line num="35" count="49" type="stmt"/>
        <line num="36" count="49" type="stmt"/>
      </file>
    </package>
    <package name="shared.ui.icons">
      <metrics statements="16" coveredstatements="16" conditionals="0" coveredconditionals="0" methods="0" coveredmethods="0"/>
      <file name="index.ts" path="/Users/aleksandr/Documents/Udemy/portfolio/frontend/src/shared/ui/icons/index.ts">
        <metrics statements="16" coveredstatements="16" conditionals="0" coveredconditionals="0" methods="0" coveredmethods="0"/>
        <line num="1" count="1" type="stmt"/>
        <line num="2" count="1" type="stmt"/>
        <line num="3" count="1" type="stmt"/>
        <line num="4" count="1" type="stmt"/>
        <line num="5" count="1" type="stmt"/>
        <line num="6" count="1" type="stmt"/>
        <line num="7" count="1" type="stmt"/>
        <line num="8" count="1" type="stmt"/>
        <line num="9" count="1" type="stmt"/>
        <line num="10" count="1" type="stmt"/>
        <line num="11" count="1" type="stmt"/>
        <line num="12" count="1" type="stmt"/>
        <line num="13" count="1" type="stmt"/>
        <line num="14" count="1" type="stmt"/>
        <line num="15" count="1" type="stmt"/>
        <line num="16" count="1" type="stmt"/>
      </file>
    </package>
    <package name="widgets.Header">
      <metrics statements="66" coveredstatements="66" conditionals="1" coveredconditionals="1" methods="2" coveredmethods="1"/>
      <file name="imports.ts" path="/Users/aleksandr/Documents/Udemy/portfolio/frontend/src/widgets/Header/imports.ts">
        <metrics statements="6" coveredstatements="6" conditionals="0" coveredconditionals="0" methods="0" coveredmethods="0"/>
        <line num="1" count="1" type="stmt"/>
        <line num="2" count="1" type="stmt"/>
        <line num="3" count="1" type="stmt"/>
        <line num="4" count="1" type="stmt"/>
        <line num="5" count="1" type="stmt"/>
        <line num="6" count="1" type="stmt"/>
      </file>
      <file name="index.tsx" path="/Users/aleksandr/Documents/Udemy/portfolio/frontend/src/widgets/Header/index.tsx">
        <metrics statements="60" coveredstatements="60" conditionals="1" coveredconditionals="1" methods="2" coveredmethods="1"/>
        <line num="1" count="1" type="stmt"/>
        <line num="2" count="1" type="stmt"/>
        <line num="3" count="1" type="cond" truecount="1" falsecount="0"/>
        <line num="4" count="7" type="stmt"/>
        <line num="5" count="7" type="stmt"/>
        <line num="6" count="7" type="stmt"/>
        <line num="7" count="7" type="stmt"/>
        <line num="8" count="7" type="stmt"/>
        <line num="9" count="7" type="stmt"/>
        <line num="10" count="7" type="stmt"/>
        <line num="11" count="7" type="stmt"/>
        <line num="12" count="7" type="stmt"/>
        <line num="13" count="7" type="stmt"/>
        <line num="14" count="7" type="stmt"/>
        <line num="15" count="7" type="stmt"/>
        <line num="16" count="7" type="stmt"/>
        <line num="17" count="7" type="stmt"/>
        <line num="18" count="7" type="stmt"/>
        <line num="19" count="7" type="stmt"/>
        <line num="20" count="7" type="stmt"/>
        <line num="21" count="7" type="stmt"/>
        <line num="22" count="7" type="stmt"/>
        <line num="23" count="7" type="stmt"/>
        <line num="24" count="7" type="stmt"/>
        <line num="25" count="7" type="stmt"/>
        <line num="26" count="7" type="stmt"/>
        <line num="27" count="7" type="stmt"/>
        <line num="28" count="7" type="stmt"/>
        <line num="29" count="7" type="stmt"/>
        <line num="30" count="7" type="stmt"/>
        <line num="31" count="7" type="stmt"/>
        <line num="32" count="7" type="stmt"/>
        <line num="33" count="7" type="stmt"/>
        <line num="34" count="7" type="stmt"/>
        <line num="35" count="7" type="stmt"/>
        <line num="36" count="7" type="stmt"/>
        <line num="37" count="7" type="stmt"/>
        <line num="38" count="7" type="stmt"/>
        <line num="39" count="7" type="stmt"/>
        <line num="40" count="7" type="stmt"/>
        <line num="41" count="7" type="stmt"/>
        <line num="42" count="7" type="stmt"/>
        <line num="43" count="7" type="stmt"/>
        <line num="44" count="7" type="stmt"/>
        <line num="45" count="7" type="stmt"/>
        <line num="46" count="7" type="stmt"/>
        <line num="47" count="7" type="stmt"/>
        <line num="48" count="7" type="stmt"/>
        <line num="49" count="7" type="stmt"/>
        <line num="50" count="7" type="stmt"/>
        <line num="51" count="7" type="stmt"/>
        <line num="52" count="7" type="stmt"/>
        <line num="53" count="7" type="stmt"/>
        <line num="54" count="7" type="stmt"/>
        <line num="55" count="7" type="stmt"/>
        <line num="56" count="7" type="stmt"/>
        <line num="57" count="7" type="stmt"/>
        <line num="58" count="7" type="stmt"/>
        <line num="59" count="7" type="stmt"/>
        <line num="60" count="1" type="stmt"/>
      </file>
    </package>
  </project>
</coverage>
